{"C:\\Users\\55479\\Desktop\\sygenta\\challenge-hotel\\src\\index.js": {"path":"C:\\Users\\55479\\Desktop\\sygenta\\challenge-hotel\\src\\index.js","all":false,"statementMap":{"0":{"start":{"line":1,"column":0},"end":{"line":1,"column":13}},"1":{"start":{"line":2,"column":0},"end":{"line":2,"column":74}},"2":{"start":{"line":3,"column":0},"end":{"line":3,"column":31}},"3":{"start":{"line":4,"column":0},"end":{"line":4,"column":49}},"4":{"start":{"line":5,"column":0},"end":{"line":5,"column":29}},"5":{"start":{"line":6,"column":0},"end":{"line":6,"column":30}},"6":{"start":{"line":7,"column":0},"end":{"line":7,"column":33}},"7":{"start":{"line":8,"column":0},"end":{"line":8,"column":6}},"8":{"start":{"line":9,"column":0},"end":{"line":9,"column":31}},"9":{"start":{"line":10,"column":0},"end":{"line":10,"column":32}},"10":{"start":{"line":11,"column":0},"end":{"line":11,"column":35}},"11":{"start":{"line":12,"column":0},"end":{"line":12,"column":6}},"12":{"start":{"line":13,"column":0},"end":{"line":13,"column":27}},"13":{"start":{"line":14,"column":0},"end":{"line":14,"column":3}},"14":{"start":{"line":15,"column":0},"end":{"line":15,"column":0}},"15":{"start":{"line":16,"column":0},"end":{"line":16,"column":23}},"16":{"start":{"line":17,"column":0},"end":{"line":17,"column":62}},"17":{"start":{"line":18,"column":0},"end":{"line":18,"column":3}},"18":{"start":{"line":19,"column":0},"end":{"line":19,"column":0}},"19":{"start":{"line":20,"column":0},"end":{"line":20,"column":18}},"20":{"start":{"line":21,"column":0},"end":{"line":21,"column":105}},"21":{"start":{"line":22,"column":0},"end":{"line":22,"column":21}},"22":{"start":{"line":23,"column":0},"end":{"line":23,"column":3}},"23":{"start":{"line":24,"column":0},"end":{"line":24,"column":0}},"24":{"start":{"line":25,"column":0},"end":{"line":25,"column":53}},"25":{"start":{"line":26,"column":0},"end":{"line":26,"column":70}},"26":{"start":{"line":27,"column":0},"end":{"line":27,"column":0}},"27":{"start":{"line":28,"column":0},"end":{"line":28,"column":75}},"28":{"start":{"line":29,"column":0},"end":{"line":29,"column":79}},"29":{"start":{"line":30,"column":0},"end":{"line":30,"column":0}},"30":{"start":{"line":31,"column":0},"end":{"line":31,"column":30}},"31":{"start":{"line":32,"column":0},"end":{"line":32,"column":3}},"32":{"start":{"line":33,"column":0},"end":{"line":33,"column":1}},"33":{"start":{"line":34,"column":0},"end":{"line":34,"column":0}},"34":{"start":{"line":35,"column":0},"end":{"line":35,"column":21}},"35":{"start":{"line":36,"column":0},"end":{"line":36,"column":63}},"36":{"start":{"line":37,"column":0},"end":{"line":37,"column":21}},"37":{"start":{"line":38,"column":0},"end":{"line":38,"column":35}},"38":{"start":{"line":39,"column":0},"end":{"line":39,"column":47}},"39":{"start":{"line":40,"column":0},"end":{"line":40,"column":29}},"40":{"start":{"line":41,"column":0},"end":{"line":41,"column":28}},"41":{"start":{"line":42,"column":0},"end":{"line":42,"column":3}},"42":{"start":{"line":43,"column":0},"end":{"line":43,"column":0}},"43":{"start":{"line":44,"column":0},"end":{"line":44,"column":32}},"44":{"start":{"line":45,"column":0},"end":{"line":45,"column":34}},"45":{"start":{"line":46,"column":0},"end":{"line":46,"column":4}},"46":{"start":{"line":47,"column":0},"end":{"line":47,"column":30}},"47":{"start":{"line":48,"column":0},"end":{"line":48,"column":67}},"48":{"start":{"line":49,"column":0},"end":{"line":49,"column":68}},"49":{"start":{"line":50,"column":0},"end":{"line":50,"column":0}},"50":{"start":{"line":51,"column":0},"end":{"line":51,"column":64}},"51":{"start":{"line":52,"column":0},"end":{"line":52,"column":71}},"52":{"start":{"line":53,"column":0},"end":{"line":53,"column":19}},"53":{"start":{"line":54,"column":0},"end":{"line":54,"column":7}},"54":{"start":{"line":55,"column":0},"end":{"line":55,"column":0}},"55":{"start":{"line":56,"column":0},"end":{"line":56,"column":45}},"56":{"start":{"line":57,"column":0},"end":{"line":57,"column":46}},"57":{"start":{"line":58,"column":0},"end":{"line":58,"column":18}},"58":{"start":{"line":59,"column":0},"end":{"line":59,"column":14}},"59":{"start":{"line":60,"column":0},"end":{"line":60,"column":20}},"60":{"start":{"line":61,"column":0},"end":{"line":61,"column":7}},"61":{"start":{"line":62,"column":0},"end":{"line":62,"column":7}},"62":{"start":{"line":63,"column":0},"end":{"line":63,"column":33}},"63":{"start":{"line":64,"column":0},"end":{"line":64,"column":4}},"64":{"start":{"line":65,"column":0},"end":{"line":65,"column":0}},"65":{"start":{"line":66,"column":0},"end":{"line":66,"column":32}},"66":{"start":{"line":67,"column":0},"end":{"line":67,"column":30}},"67":{"start":{"line":68,"column":0},"end":{"line":68,"column":4}},"68":{"start":{"line":69,"column":0},"end":{"line":69,"column":38}},"69":{"start":{"line":70,"column":0},"end":{"line":70,"column":67}},"70":{"start":{"line":71,"column":0},"end":{"line":71,"column":68}},"71":{"start":{"line":72,"column":0},"end":{"line":72,"column":64}},"72":{"start":{"line":73,"column":0},"end":{"line":73,"column":71}},"73":{"start":{"line":74,"column":0},"end":{"line":74,"column":19}},"74":{"start":{"line":75,"column":0},"end":{"line":75,"column":7}},"75":{"start":{"line":76,"column":0},"end":{"line":76,"column":0}},"76":{"start":{"line":77,"column":0},"end":{"line":77,"column":45}},"77":{"start":{"line":78,"column":0},"end":{"line":78,"column":46}},"78":{"start":{"line":79,"column":0},"end":{"line":79,"column":18}},"79":{"start":{"line":80,"column":0},"end":{"line":80,"column":14}},"80":{"start":{"line":81,"column":0},"end":{"line":81,"column":20}},"81":{"start":{"line":82,"column":0},"end":{"line":82,"column":7}},"82":{"start":{"line":83,"column":0},"end":{"line":83,"column":7}},"83":{"start":{"line":84,"column":0},"end":{"line":84,"column":35}},"84":{"start":{"line":85,"column":0},"end":{"line":85,"column":58}},"85":{"start":{"line":86,"column":0},"end":{"line":86,"column":6}},"86":{"start":{"line":87,"column":0},"end":{"line":87,"column":4}},"87":{"start":{"line":88,"column":0},"end":{"line":88,"column":1}},"88":{"start":{"line":89,"column":0},"end":{"line":89,"column":0}},"89":{"start":{"line":90,"column":0},"end":{"line":90,"column":18}},"90":{"start":{"line":91,"column":0},"end":{"line":91,"column":8}},"91":{"start":{"line":92,"column":0},"end":{"line":92,"column":16}},"92":{"start":{"line":93,"column":0},"end":{"line":93,"column":2}},"93":{"start":{"line":94,"column":0},"end":{"line":94,"column":31}},"94":{"start":{"line":95,"column":0},"end":{"line":95,"column":69}},"95":{"start":{"line":96,"column":0},"end":{"line":96,"column":42}},"96":{"start":{"line":97,"column":0},"end":{"line":97,"column":28}},"97":{"start":{"line":98,"column":0},"end":{"line":98,"column":28}},"98":{"start":{"line":99,"column":0},"end":{"line":99,"column":27}}},"s":{"0":1,"1":1,"2":4,"3":4,"4":4,"5":4,"6":4,"7":4,"8":4,"9":4,"10":4,"11":4,"12":4,"13":4,"14":1,"15":1,"16":0,"17":0,"18":1,"19":1,"20":0,"21":0,"22":0,"23":1,"24":1,"25":6,"26":6,"27":6,"28":6,"29":6,"30":6,"31":6,"32":1,"33":1,"34":1,"35":1,"36":1,"37":1,"38":1,"39":1,"40":1,"41":1,"42":1,"43":1,"44":1,"45":1,"46":1,"47":1,"48":1,"49":1,"50":1,"51":3,"52":3,"53":3,"54":1,"55":1,"56":4,"57":1,"58":1,"59":1,"60":1,"61":4,"62":1,"63":1,"64":1,"65":1,"66":1,"67":1,"68":1,"69":1,"70":1,"71":1,"72":3,"73":3,"74":3,"75":1,"76":1,"77":4,"78":1,"79":1,"80":1,"81":1,"82":4,"83":1,"84":1,"85":1,"86":1,"87":1,"88":1,"89":1,"90":1,"91":1,"92":1,"93":1,"94":1,"95":1,"96":1,"97":1,"98":1},"branchMap":{"0":{"type":"branch","line":2,"loc":{"start":{"line":2,"column":2},"end":{"line":14,"column":3}},"locations":[{"start":{"line":2,"column":2},"end":{"line":14,"column":3}}]},"1":{"type":"branch","line":25,"loc":{"start":{"line":25,"column":2},"end":{"line":32,"column":3}},"locations":[{"start":{"line":25,"column":2},"end":{"line":32,"column":3}}]},"2":{"type":"branch","line":26,"loc":{"start":{"line":26,"column":22},"end":{"line":26,"column":57}},"locations":[{"start":{"line":26,"column":22},"end":{"line":26,"column":57}}]},"3":{"type":"branch","line":36,"loc":{"start":{"line":36,"column":2},"end":{"line":42,"column":3}},"locations":[{"start":{"line":36,"column":2},"end":{"line":42,"column":3}}]},"4":{"type":"branch","line":44,"loc":{"start":{"line":44,"column":2},"end":{"line":87,"column":4}},"locations":[{"start":{"line":44,"column":2},"end":{"line":87,"column":4}}]},"5":{"type":"branch","line":44,"loc":{"start":{"line":44,"column":25},"end":{"line":46,"column":4}},"locations":[{"start":{"line":44,"column":25},"end":{"line":46,"column":4}}]},"6":{"type":"branch","line":47,"loc":{"start":{"line":47,"column":23},"end":{"line":64,"column":4}},"locations":[{"start":{"line":47,"column":23},"end":{"line":64,"column":4}}]},"7":{"type":"branch","line":48,"loc":{"start":{"line":48,"column":43},"end":{"line":48,"column":60}},"locations":[{"start":{"line":48,"column":43},"end":{"line":48,"column":60}}]},"8":{"type":"branch","line":49,"loc":{"start":{"line":49,"column":44},"end":{"line":49,"column":61}},"locations":[{"start":{"line":49,"column":44},"end":{"line":49,"column":61}}]},"9":{"type":"branch","line":51,"loc":{"start":{"line":51,"column":53},"end":{"line":54,"column":7}},"locations":[{"start":{"line":51,"column":53},"end":{"line":54,"column":7}}]},"10":{"type":"branch","line":56,"loc":{"start":{"line":56,"column":28},"end":{"line":62,"column":7}},"locations":[{"start":{"line":56,"column":28},"end":{"line":62,"column":7}}]},"11":{"type":"branch","line":57,"loc":{"start":{"line":57,"column":45},"end":{"line":59,"column":13}},"locations":[{"start":{"line":57,"column":45},"end":{"line":59,"column":13}}]},"12":{"type":"branch","line":57,"loc":{"start":{"line":57,"column":6},"end":{"line":61,"column":7}},"locations":[{"start":{"line":57,"column":6},"end":{"line":61,"column":7}}]},"13":{"type":"branch","line":66,"loc":{"start":{"line":66,"column":25},"end":{"line":68,"column":4}},"locations":[{"start":{"line":66,"column":25},"end":{"line":68,"column":4}}]},"14":{"type":"branch","line":69,"loc":{"start":{"line":69,"column":31},"end":{"line":87,"column":4}},"locations":[{"start":{"line":69,"column":31},"end":{"line":87,"column":4}}]},"15":{"type":"branch","line":70,"loc":{"start":{"line":70,"column":43},"end":{"line":70,"column":60}},"locations":[{"start":{"line":70,"column":43},"end":{"line":70,"column":60}}]},"16":{"type":"branch","line":71,"loc":{"start":{"line":71,"column":44},"end":{"line":71,"column":61}},"locations":[{"start":{"line":71,"column":44},"end":{"line":71,"column":61}}]},"17":{"type":"branch","line":72,"loc":{"start":{"line":72,"column":53},"end":{"line":75,"column":7}},"locations":[{"start":{"line":72,"column":53},"end":{"line":75,"column":7}}]},"18":{"type":"branch","line":77,"loc":{"start":{"line":77,"column":28},"end":{"line":83,"column":7}},"locations":[{"start":{"line":77,"column":28},"end":{"line":83,"column":7}}]},"19":{"type":"branch","line":78,"loc":{"start":{"line":78,"column":45},"end":{"line":80,"column":13}},"locations":[{"start":{"line":78,"column":45},"end":{"line":80,"column":13}}]},"20":{"type":"branch","line":78,"loc":{"start":{"line":78,"column":6},"end":{"line":82,"column":7}},"locations":[{"start":{"line":78,"column":6},"end":{"line":82,"column":7}}]},"21":{"type":"branch","line":85,"loc":{"start":{"line":85,"column":7},"end":{"line":85,"column":58}},"locations":[{"start":{"line":85,"column":7},"end":{"line":85,"column":58}}]}},"b":{"0":[4],"1":[6],"2":[0],"3":[1],"4":[1],"5":[1],"6":[1],"7":[3],"8":[3],"9":[3],"10":[4],"11":[3],"12":[1],"13":[1],"14":[1],"15":[3],"16":[3],"17":[3],"18":[4],"19":[3],"20":[1],"21":[2]},"fnMap":{"0":{"name":"Hotel","decl":{"start":{"line":2,"column":2},"end":{"line":14,"column":3}},"loc":{"start":{"line":2,"column":2},"end":{"line":14,"column":3}},"line":2},"1":{"name":"get hotelVencedor","decl":{"start":{"line":16,"column":19},"end":{"line":18,"column":3}},"loc":{"start":{"line":16,"column":19},"end":{"line":18,"column":3}},"line":16},"2":{"name":"get reservar","decl":{"start":{"line":20,"column":14},"end":{"line":23,"column":3}},"loc":{"start":{"line":20,"column":14},"end":{"line":23,"column":3}},"line":20},"3":{"name":"totalAPagar","decl":{"start":{"line":25,"column":2},"end":{"line":32,"column":3}},"loc":{"start":{"line":25,"column":2},"end":{"line":32,"column":3}},"line":25},"4":{"name":"ServiceHoteis","decl":{"start":{"line":36,"column":2},"end":{"line":42,"column":3}},"loc":{"start":{"line":36,"column":2},"end":{"line":42,"column":3}},"line":36},"5":{"name":"<instance_members_initializer>","decl":{"start":{"line":44,"column":2},"end":{"line":87,"column":4}},"loc":{"start":{"line":44,"column":2},"end":{"line":87,"column":4}},"line":44},"6":{"name":"getHoteisDisponiveis","decl":{"start":{"line":44,"column":25},"end":{"line":46,"column":4}},"loc":{"start":{"line":44,"column":25},"end":{"line":46,"column":4}},"line":44},"7":{"name":"getHotelMaisBarato","decl":{"start":{"line":47,"column":23},"end":{"line":64,"column":4}},"loc":{"start":{"line":47,"column":23},"end":{"line":64,"column":4}},"line":47},"8":{"name":"getListHoteisBaratos","decl":{"start":{"line":66,"column":25},"end":{"line":68,"column":4}},"loc":{"start":{"line":66,"column":25},"end":{"line":68,"column":4}},"line":66},"9":{"name":"getHotelMaisBaratoEstrelas","decl":{"start":{"line":69,"column":31},"end":{"line":87,"column":4}},"loc":{"start":{"line":69,"column":31},"end":{"line":87,"column":4}},"line":69}},"f":{"0":4,"1":0,"2":0,"3":6,"4":1,"5":1,"6":1,"7":1,"8":1,"9":1}}
}
