TN:
SF:src\index.js
FN:2,Hotel
FN:16,get hotelVencedor
FN:20,get reservar
FN:25,totalAPagar
FN:36,ServiceHoteis
FN:44,<instance_members_initializer>
FN:44,getHoteisDisponiveis
FN:47,getHotelMaisBarato
FN:66,getListHoteisBaratos
FN:69,getHotelMaisBaratoEstrelas
FNF:10
FNH:8
FNDA:4,Hotel
FNDA:0,get hotelVencedor
FNDA:0,get reservar
FNDA:6,totalAPagar
FNDA:1,ServiceHoteis
FNDA:1,<instance_members_initializer>
FNDA:1,getHoteisDisponiveis
FNDA:1,getHotelMaisBarato
FNDA:1,getListHoteisBaratos
FNDA:1,getHotelMaisBaratoEstrelas
DA:1,1
DA:2,1
DA:3,4
DA:4,4
DA:5,4
DA:6,4
DA:7,4
DA:8,4
DA:9,4
DA:10,4
DA:11,4
DA:12,4
DA:13,4
DA:14,4
DA:15,1
DA:16,1
DA:17,0
DA:18,0
DA:19,1
DA:20,1
DA:21,0
DA:22,0
DA:23,0
DA:24,1
DA:25,1
DA:26,6
DA:27,6
DA:28,6
DA:29,6
DA:30,6
DA:31,6
DA:32,6
DA:33,1
DA:34,1
DA:35,1
DA:36,1
DA:37,1
DA:38,1
DA:39,1
DA:40,1
DA:41,1
DA:42,1
DA:43,1
DA:44,1
DA:45,1
DA:46,1
DA:47,1
DA:48,1
DA:49,1
DA:50,1
DA:51,1
DA:52,3
DA:53,3
DA:54,3
DA:55,1
DA:56,1
DA:57,4
DA:58,1
DA:59,1
DA:60,1
DA:61,1
DA:62,4
DA:63,1
DA:64,1
DA:65,1
DA:66,1
DA:67,1
DA:68,1
DA:69,1
DA:70,1
DA:71,1
DA:72,1
DA:73,3
DA:74,3
DA:75,3
DA:76,1
DA:77,1
DA:78,4
DA:79,1
DA:80,1
DA:81,1
DA:82,1
DA:83,4
DA:84,1
DA:85,1
DA:86,1
DA:87,1
DA:88,1
DA:89,1
DA:90,1
DA:91,1
DA:92,1
DA:93,1
DA:94,1
DA:95,1
DA:96,1
DA:97,1
DA:98,1
DA:99,1
LF:99
LH:94
BRDA:2,0,0,4
BRDA:25,1,0,6
BRDA:26,2,0,0
BRDA:36,3,0,1
BRDA:44,4,0,1
BRDA:44,5,0,1
BRDA:47,6,0,1
BRDA:48,7,0,3
BRDA:49,8,0,3
BRDA:51,9,0,3
BRDA:56,10,0,4
BRDA:57,11,0,3
BRDA:57,12,0,1
BRDA:66,13,0,1
BRDA:69,14,0,1
BRDA:70,15,0,3
BRDA:71,16,0,3
BRDA:72,17,0,3
BRDA:77,18,0,4
BRDA:78,19,0,3
BRDA:78,20,0,1
BRDA:85,21,0,2
BRF:22
BRH:21
end_of_record
