TN:
SF:src\index.js
FN:2,Hotel
FN:16,get hotelVencedor
FN:20,get reservar
FN:25,totalAPagar
FN:37,hotelMaisBarato
FNF:5
FNH:5
FNDA:3,Hotel
FNDA:1,get hotelVencedor
FNDA:1,get reservar
FNDA:3,totalAPagar
FNDA:1,hotelMaisBarato
DA:1,1
DA:2,1
DA:3,3
DA:4,3
DA:5,3
DA:6,3
DA:7,3
DA:8,3
DA:9,3
DA:10,3
DA:11,3
DA:12,3
DA:13,3
DA:14,3
DA:15,1
DA:16,1
DA:17,1
DA:18,1
DA:19,1
DA:20,1
DA:21,1
DA:22,1
DA:23,1
DA:24,1
DA:25,1
DA:26,3
DA:27,3
DA:28,3
DA:29,3
DA:30,3
DA:31,3
DA:32,3
DA:33,1
DA:34,1
DA:35,1
DA:36,1
DA:37,1
DA:38,1
DA:39,1
DA:40,1
DA:41,1
DA:42,1
DA:43,1
DA:44,1
DA:45,1
DA:46,1
DA:47,1
DA:48,3
DA:49,3
DA:50,1
DA:51,1
DA:52,4
DA:53,1
DA:54,1
DA:55,1
DA:56,1
DA:57,4
DA:58,1
DA:59,1
DA:60,1
DA:61,1
DA:62,1
DA:63,1
DA:64,1
DA:65,1
DA:66,1
DA:67,1
DA:68,1
DA:69,1
DA:70,1
DA:71,1
DA:72,1
LF:72
LH:72
BRDA:2,0,0,3
BRDA:16,1,0,1
BRDA:20,2,0,1
BRDA:25,3,0,3
BRDA:26,4,0,0
BRDA:37,5,0,1
BRDA:38,6,0,3
BRDA:39,7,0,3
BRDA:47,8,0,3
BRDA:51,9,0,4
BRDA:52,10,0,3
BRDA:52,11,0,1
BRF:12
BRH:11
end_of_record
